<?xml version="1.0" encoding="UTF-8"?>
<beans xmlns="http://www.springframework.org/schema/beans"
       xmlns:xsi="http://www.w3.org/2001/XMLSchema-instance"
       xmlns:context="http://www.springframework.org/schema/context"
       xmlns:mvc="http://www.springframework.org/schema/mvc" xmlns:util="http://www.springframework.org/schema/util"
       xmlns:aop="http://www.springframework.org/schema/aop"
       xsi:schemaLocation="http://www.springframework.org/schema/beans http://www.springframework.org/schema/beans/spring-beans-3.2.xsd
		http://www.springframework.org/schema/context http://www.springframework.org/schema/context/spring-context-3.2.xsd
		http://www.springframework.org/schema/mvc http://www.springframework.org/schema/mvc/spring-mvc-3.2.xsd
		http://www.springframework.org/schema/util http://www.springframework.org/schema/util/spring-util-3.2.xsd http://www.springframework.org/schema/aop http://www.springframework.org/schema/aop/spring-aop.xsd">

    <import resource="classpath:db/application-context-persistance.xml" />

    <!--&lt;!&ndash; Enables automatic mapping of fund objects to and from JSON &ndash;&gt;-->
    <!--<mvc:annotation-driven />-->

    <context:component-scan base-package="com.jeremy.sample" />

    <context:annotation-config/>

    <!-- Enable AspectJ style of Spring AOP -->
    <aop:aspectj-autoproxy />

    <bean id="propertyConfigurer" class="org.springframework.beans.factory.config.PropertyPlaceholderConfigurer">
        <property name="locations">
            <list>
                <value>classpath:/environments/default.properties</value>
                <value>classpath:test-spring-rest-service.properties</value>
                <bean class="org.springframework.beans.factory.config.MethodInvokingFactoryBean">
                    <property name="staticMethod"
                              value="com.jeremy.sample.utils.properties.HostNameResolver.getHostSpecificPropertiesFileLocation"/>
                </bean>
            </list>
        </property>
    </bean>

    <!-- Converts JSON to POJO and vice versa -->
    <bean id="jsonMessageConverter"
          class="org.springframework.http.converter.json.MappingJackson2HttpMessageConverter" />

    <bean class="org.springframework.web.servlet.mvc.annotation.AnnotationMethodHandlerAdapter">
        <property name="messageConverters">
            <util:list id="beanList">
                <ref bean="jsonMessageConverter" />
            </util:list>
        </property>
    </bean>

	
</beans>